
> backend@0.0.1 start:dev
> nest start --watch

[2J[3J[H[[90m10:57:02 AM[0m] Starting compilation in watch mode...

[[90m10:57:08 AM[0m] Found 0 errors. Watching for file changes.

Current Dir: /home/inextrix/Documents/VoxMarket/backend/dist/src
Resolving i18n Path: /home/inextrix/Documents/VoxMarket/backend/src/i18n
[32m[Nest] 13955  - [39m12/24/2025, 10:57:09 AM [32m    LOG[39m [38;5;3m[NestFactory] [39m[32mStarting Nest application...[39m
[32m[Nest] 13955  - [39m12/24/2025, 10:57:09 AM [32m    LOG[39m [38;5;3m[InstanceLoader] [39m[32mMongooseModule dependencies initialized[39m[38;5;3m +42ms[39m
[32m[Nest] 13955  - [39m12/24/2025, 10:57:09 AM [32m    LOG[39m [38;5;3m[InstanceLoader] [39m[32mPassportModule dependencies initialized[39m[38;5;3m +0ms[39m
[32m[Nest] 13955  - [39m12/24/2025, 10:57:09 AM [32m    LOG[39m [38;5;3m[InstanceLoader] [39m[32mMailerModule dependencies initialized[39m[38;5;3m +0ms[39m
[32m[Nest] 13955  - [39m12/24/2025, 10:57:09 AM [32m    LOG[39m [38;5;3m[InstanceLoader] [39m[32mCoBrowsingModule dependencies initialized[39m[38;5;3m +0ms[39m
[32m[Nest] 13955  - [39m12/24/2025, 10:57:09 AM [32m    LOG[39m [38;5;3m[InstanceLoader] [39m[32mJwtModule dependencies initialized[39m[38;5;3m +1ms[39m
[32m[Nest] 13955  - [39m12/24/2025, 10:57:09 AM [32m    LOG[39m [38;5;3m[InstanceLoader] [39m[32mConfigHostModule dependencies initialized[39m[38;5;3m +0ms[39m
[32m[Nest] 13955  - [39m12/24/2025, 10:57:09 AM [32m    LOG[39m [38;5;3m[InstanceLoader] [39m[32mJwtModule dependencies initialized[39m[38;5;3m +1ms[39m
[32m[Nest] 13955  - [39m12/24/2025, 10:57:09 AM [32m    LOG[39m [38;5;3m[InstanceLoader] [39m[32mAppModule dependencies initialized[39m[38;5;3m +0ms[39m
[32m[Nest] 13955  - [39m12/24/2025, 10:57:09 AM [32m    LOG[39m [38;5;3m[InstanceLoader] [39m[32mDiscoveryModule dependencies initialized[39m[38;5;3m +0ms[39m
[32m[Nest] 13955  - [39m12/24/2025, 10:57:09 AM [32m    LOG[39m [38;5;3m[InstanceLoader] [39m[32mConfigModule dependencies initialized[39m[38;5;3m +31ms[39m
[32m[Nest] 13955  - [39m12/24/2025, 10:57:09 AM [32m    LOG[39m [38;5;3m[InstanceLoader] [39m[32mConfigModule dependencies initialized[39m[38;5;3m +1ms[39m
[32m[Nest] 13955  - [39m12/24/2025, 10:57:09 AM [32m    LOG[39m [38;5;3m[InstanceLoader] [39m[32mServeStaticModule dependencies initialized[39m[38;5;3m +0ms[39m
[32m[Nest] 13955  - [39m12/24/2025, 10:57:09 AM [32m    LOG[39m [38;5;3m[InstanceLoader] [39m[32mEventEmitterModule dependencies initialized[39m[38;5;3m +0ms[39m
[32m[Nest] 13955  - [39m12/24/2025, 10:57:09 AM [32m    LOG[39m [38;5;3m[InstanceLoader] [39m[32mEventEmitterModule dependencies initialized[39m[38;5;3m +0ms[39m
[32m[Nest] 13955  - [39m12/24/2025, 10:57:09 AM [32m    LOG[39m [38;5;3m[InstanceLoader] [39m[32mMulterModule dependencies initialized[39m[38;5;3m +0ms[39m
[32m[Nest] 13955  - [39m12/24/2025, 10:57:09 AM [32m    LOG[39m [38;5;3m[InstanceLoader] [39m[32mFilesModule dependencies initialized[39m[38;5;3m +2ms[39m
[32m[Nest] 13955  - [39m12/24/2025, 10:57:09 AM [32m    LOG[39m [38;5;3m[InstanceLoader] [39m[32mUploadModule dependencies initialized[39m[38;5;3m +0ms[39m
[32m[Nest] 13955  - [39m12/24/2025, 10:57:09 AM [32m    LOG[39m [38;5;3m[InstanceLoader] [39m[32mMongooseCoreModule dependencies initialized[39m[38;5;3m +29ms[39m
[32m[Nest] 13955  - [39m12/24/2025, 10:57:09 AM [32m    LOG[39m [38;5;3m[InstanceLoader] [39m[32mMongooseModule dependencies initialized[39m[38;5;3m +2ms[39m
[32m[Nest] 13955  - [39m12/24/2025, 10:57:09 AM [32m    LOG[39m [38;5;3m[InstanceLoader] [39m[32mMongooseModule dependencies initialized[39m[38;5;3m +0ms[39m
[32m[Nest] 13955  - [39m12/24/2025, 10:57:09 AM [32m    LOG[39m [38;5;3m[InstanceLoader] [39m[32mMongooseModule dependencies initialized[39m[38;5;3m +0ms[39m
[32m[Nest] 13955  - [39m12/24/2025, 10:57:09 AM [32m    LOG[39m [38;5;3m[InstanceLoader] [39m[32mMongooseModule dependencies initialized[39m[38;5;3m +0ms[39m
[32m[Nest] 13955  - [39m12/24/2025, 10:57:09 AM [32m    LOG[39m [38;5;3m[InstanceLoader] [39m[32mMongooseModule dependencies initialized[39m[38;5;3m +0ms[39m
[32m[Nest] 13955  - [39m12/24/2025, 10:57:09 AM [32m    LOG[39m [38;5;3m[InstanceLoader] [39m[32mMongooseModule dependencies initialized[39m[38;5;3m +0ms[39m
[32m[Nest] 13955  - [39m12/24/2025, 10:57:09 AM [32m    LOG[39m [38;5;3m[InstanceLoader] [39m[32mMongooseModule dependencies initialized[39m[38;5;3m +0ms[39m
[32m[Nest] 13955  - [39m12/24/2025, 10:57:09 AM [32m    LOG[39m [38;5;3m[InstanceLoader] [39m[32mMongooseModule dependencies initialized[39m[38;5;3m +0ms[39m
[32m[Nest] 13955  - [39m12/24/2025, 10:57:09 AM [32m    LOG[39m [38;5;3m[InstanceLoader] [39m[32mMongooseModule dependencies initialized[39m[38;5;3m +0ms[39m
[32m[Nest] 13955  - [39m12/24/2025, 10:57:09 AM [32m    LOG[39m [38;5;3m[InstanceLoader] [39m[32mMongooseModule dependencies initialized[39m[38;5;3m +0ms[39m
[32m[Nest] 13955  - [39m12/24/2025, 10:57:09 AM [32m    LOG[39m [38;5;3m[InstanceLoader] [39m[32mMongooseModule dependencies initialized[39m[38;5;3m +0ms[39m
[32m[Nest] 13955  - [39m12/24/2025, 10:57:09 AM [32m    LOG[39m [38;5;3m[InstanceLoader] [39m[32mMongooseModule dependencies initialized[39m[38;5;3m +0ms[39m
[32m[Nest] 13955  - [39m12/24/2025, 10:57:09 AM [32m    LOG[39m [38;5;3m[InstanceLoader] [39m[32mMongooseModule dependencies initialized[39m[38;5;3m +0ms[39m
[32m[Nest] 13955  - [39m12/24/2025, 10:57:09 AM [32m    LOG[39m [38;5;3m[InstanceLoader] [39m[32mMongooseModule dependencies initialized[39m[38;5;3m +0ms[39m
[32m[Nest] 13955  - [39m12/24/2025, 10:57:09 AM [32m    LOG[39m [38;5;3m[InstanceLoader] [39m[32mMongooseModule dependencies initialized[39m[38;5;3m +0ms[39m
[32m[Nest] 13955  - [39m12/24/2025, 10:57:09 AM [32m    LOG[39m [38;5;3m[InstanceLoader] [39m[32mMongooseModule dependencies initialized[39m[38;5;3m +0ms[39m
[32m[Nest] 13955  - [39m12/24/2025, 10:57:09 AM [32m    LOG[39m [38;5;3m[InstanceLoader] [39m[32mMongooseModule dependencies initialized[39m[38;5;3m +0ms[39m
[32m[Nest] 13955  - [39m12/24/2025, 10:57:09 AM [32m    LOG[39m [38;5;3m[InstanceLoader] [39m[32mMongooseModule dependencies initialized[39m[38;5;3m +0ms[39m
[32m[Nest] 13955  - [39m12/24/2025, 10:57:09 AM [32m    LOG[39m [38;5;3m[InstanceLoader] [39m[32mMongooseModule dependencies initialized[39m[38;5;3m +0ms[39m
[32m[Nest] 13955  - [39m12/24/2025, 10:57:09 AM [32m    LOG[39m [38;5;3m[InstanceLoader] [39m[32mSocialProofModule dependencies initialized[39m[38;5;3m +1ms[39m
[32m[Nest] 13955  - [39m12/24/2025, 10:57:09 AM [32m    LOG[39m [38;5;3m[InstanceLoader] [39m[32mRecommendationsModule dependencies initialized[39m[38;5;3m +1ms[39m
[32m[Nest] 13955  - [39m12/24/2025, 10:57:09 AM [32m    LOG[39m [38;5;3m[InstanceLoader] [39m[32mUserActivityModule dependencies initialized[39m[38;5;3m +3ms[39m
[32m[Nest] 13955  - [39m12/24/2025, 10:57:09 AM [32m    LOG[39m [38;5;3m[InstanceLoader] [39m[32mAnalyticsModule dependencies initialized[39m[38;5;3m +0ms[39m
[32m[Nest] 13955  - [39m12/24/2025, 10:57:09 AM [32m    LOG[39m [38;5;3m[InstanceLoader] [39m[32mCategoriesModule dependencies initialized[39m[38;5;3m +0ms[39m
[32m[Nest] 13955  - [39m12/24/2025, 10:57:09 AM [32m    LOG[39m [38;5;3m[InstanceLoader] [39m[32mCartModule dependencies initialized[39m[38;5;3m +0ms[39m
[32m[Nest] 13955  - [39m12/24/2025, 10:57:09 AM [32m    LOG[39m [38;5;3m[InstanceLoader] [39m[32mAddressModule dependencies initialized[39m[38;5;3m +0ms[39m
[32m[Nest] 13955  - [39m12/24/2025, 10:57:09 AM [32m    LOG[39m [38;5;3m[InstanceLoader] [39m[32mReviewsModule dependencies initialized[39m[38;5;3m +0ms[39m
[32m[Nest] 13955  - [39m12/24/2025, 10:57:09 AM [32m    LOG[39m [38;5;3m[InstanceLoader] [39m[32mQuestionsModule dependencies initialized[39m[38;5;3m +0ms[39m
[32m[Nest] 13955  - [39m12/24/2025, 10:57:09 AM [32m    LOG[39m [38;5;3m[InstanceLoader] [39m[32mNotificationsModule dependencies initialized[39m[38;5;3m +0ms[39m
[32m[Nest] 13955  - [39m12/24/2025, 10:57:09 AM [32m    LOG[39m [38;5;3m[InstanceLoader] [39m[32mProductsModule dependencies initialized[39m[38;5;3m +0ms[39m
[32m[Nest] 13955  - [39m12/24/2025, 10:57:09 AM [32m    LOG[39m [38;5;3m[InstanceLoader] [39m[32mLoyaltyModule dependencies initialized[39m[38;5;3m +1ms[39m
[32m[Nest] 13955  - [39m12/24/2025, 10:57:09 AM [32m    LOG[39m [38;5;3m[InstanceLoader] [39m[32mWishlistModule dependencies initialized[39m[38;5;3m +0ms[39m
[32m[Nest] 13955  - [39m12/24/2025, 10:57:09 AM [32m    LOG[39m [38;5;3m[InstanceLoader] [39m[32mAdminModule dependencies initialized[39m[38;5;3m +0ms[39m
[32m[Nest] 13955  - [39m12/24/2025, 10:57:09 AM [32m    LOG[39m [38;5;3m[InstanceLoader] [39m[32mGamificationModule dependencies initialized[39m[38;5;3m +0ms[39m
[32m[Nest] 13955  - [39m12/24/2025, 10:57:09 AM [32m    LOG[39m [38;5;3m[InstanceLoader] [39m[32mUsersModule dependencies initialized[39m[38;5;3m +0ms[39m
[32m[Nest] 13955  - [39m12/24/2025, 10:57:09 AM [32m    LOG[39m [38;5;3m[InstanceLoader] [39m[32mCouponsModule dependencies initialized[39m[38;5;3m +0ms[39m
[32m[Nest] 13955  - [39m12/24/2025, 10:57:09 AM [32m    LOG[39m [38;5;3m[InstanceLoader] [39m[32mChatbotModule dependencies initialized[39m[38;5;3m +0ms[39m
[32m[Nest] 13955  - [39m12/24/2025, 10:57:09 AM [32m    LOG[39m [38;5;3m[InstanceLoader] [39m[32mI18nModule dependencies initialized[39m[38;5;3m +49ms[39m
[MailModule] --------------------------------------------------
[MailModule] Using Ethereal Email for Development (Forced)
[MailModule] Account: dqeku2bt3q7jr2dk@ethereal.email
[MailModule] --------------------------------------------------
[32m[Nest] 13955  - [39m12/24/2025, 10:57:13 AM [32m    LOG[39m [38;5;3m[InstanceLoader] [39m[32mMailerCoreModule dependencies initialized[39m[38;5;3m +3695ms[39m
[32m[Nest] 13955  - [39m12/24/2025, 10:57:13 AM [32m    LOG[39m [38;5;3m[InstanceLoader] [39m[32mMailModule dependencies initialized[39m[38;5;3m +0ms[39m
[32m[Nest] 13955  - [39m12/24/2025, 10:57:13 AM [32m    LOG[39m [38;5;3m[InstanceLoader] [39m[32mPaymentsModule dependencies initialized[39m[38;5;3m +1ms[39m
[32m[Nest] 13955  - [39m12/24/2025, 10:57:13 AM [32m    LOG[39m [38;5;3m[InstanceLoader] [39m[32mOrdersModule dependencies initialized[39m[38;5;3m +0ms[39m
[32m[Nest] 13955  - [39m12/24/2025, 10:57:13 AM [32m    LOG[39m [38;5;3m[InstanceLoader] [39m[32mAuthModule dependencies initialized[39m[38;5;3m +0ms[39m
Static Assets Path: /home/inextrix/Documents/VoxMarket/backend/uploads
[32m[Nest] 13955  - [39m12/24/2025, 10:57:13 AM [32m    LOG[39m [38;5;3m[WebSocketsController] [39m[32mNotificationGateway subscribed to the "join" message[39m[38;5;3m +8ms[39m
[32m[Nest] 13955  - [39m12/24/2025, 10:57:13 AM [32m    LOG[39m [38;5;3m[WebSocketsController] [39m[32mSocialProofGateway subscribed to the "join_product" message[39m[38;5;3m +1ms[39m
[32m[Nest] 13955  - [39m12/24/2025, 10:57:13 AM [32m    LOG[39m [38;5;3m[WebSocketsController] [39m[32mSocialProofGateway subscribed to the "leave_product" message[39m[38;5;3m +0ms[39m
[32m[Nest] 13955  - [39m12/24/2025, 10:57:13 AM [32m    LOG[39m [38;5;3m[WebSocketsController] [39m[32mCoBrowsingGateway subscribed to the "create_session" message[39m[38;5;3m +1ms[39m
[32m[Nest] 13955  - [39m12/24/2025, 10:57:13 AM [32m    LOG[39m [38;5;3m[WebSocketsController] [39m[32mCoBrowsingGateway subscribed to the "join_session" message[39m[38;5;3m +0ms[39m
[32m[Nest] 13955  - [39m12/24/2025, 10:57:13 AM [32m    LOG[39m [38;5;3m[WebSocketsController] [39m[32mCoBrowsingGateway subscribed to the "rejoin_session" message[39m[38;5;3m +0ms[39m
[32m[Nest] 13955  - [39m12/24/2025, 10:57:13 AM [32m    LOG[39m [38;5;3m[WebSocketsController] [39m[32mCoBrowsingGateway subscribed to the "cursor_move" message[39m[38;5;3m +0ms[39m
[32m[Nest] 13955  - [39m12/24/2025, 10:57:13 AM [32m    LOG[39m [38;5;3m[WebSocketsController] [39m[32mCoBrowsingGateway subscribed to the "navigate" message[39m[38;5;3m +0ms[39m
[32m[Nest] 13955  - [39m12/24/2025, 10:57:13 AM [32m    LOG[39m [38;5;3m[WebSocketsController] [39m[32mCoBrowsingGateway subscribed to the "sync_action" message[39m[38;5;3m +0ms[39m
[32m[Nest] 13955  - [39m12/24/2025, 10:57:13 AM [32m    LOG[39m [38;5;3m[WebSocketsController] [39m[32mCoBrowsingGateway subscribed to the "reaction" message[39m[38;5;3m +0ms[39m
[32m[Nest] 13955  - [39m12/24/2025, 10:57:13 AM [32m    LOG[39m [38;5;3m[RoutesResolver] [39m[32mAppController {/}:[39m[38;5;3m +3ms[39m
[32m[Nest] 13955  - [39m12/24/2025, 10:57:13 AM [32m    LOG[39m [38;5;3m[RouterExplorer] [39m[32mMapped {/, GET} route[39m[38;5;3m +2ms[39m
[32m[Nest] 13955  - [39m12/24/2025, 10:57:13 AM [32m    LOG[39m [38;5;3m[RoutesResolver] [39m[32mLoyaltyController {/loyalty}:[39m[38;5;3m +0ms[39m
[32m[Nest] 13955  - [39m12/24/2025, 10:57:13 AM [32m    LOG[39m [38;5;3m[RouterExplorer] [39m[32mMapped {/loyalty/status, GET} route[39m[38;5;3m +1ms[39m
[32m[Nest] 13955  - [39m12/24/2025, 10:57:13 AM [32m    LOG[39m [38;5;3m[RouterExplorer] [39m[32mMapped {/loyalty/redeem/:couponId, POST} route[39m[38;5;3m +0ms[39m
[32m[Nest] 13955  - [39m12/24/2025, 10:57:13 AM [32m    LOG[39m [38;5;3m[RoutesResolver] [39m[32mNotificationsController {/notifications}:[39m[38;5;3m +0ms[39m
[32m[Nest] 13955  - [39m12/24/2025, 10:57:13 AM [32m    LOG[39m [38;5;3m[RouterExplorer] [39m[32mMapped {/notifications, GET} route[39m[38;5;3m +1ms[39m
[32m[Nest] 13955  - [39m12/24/2025, 10:57:13 AM [32m    LOG[39m [38;5;3m[RouterExplorer] [39m[32mMapped {/notifications/test, POST} route[39m[38;5;3m +0ms[39m
[32m[Nest] 13955  - [39m12/24/2025, 10:57:13 AM [32m    LOG[39m [38;5;3m[RouterExplorer] [39m[32mMapped {/notifications/:id/read, PATCH} route[39m[38;5;3m +0ms[39m
[32m[Nest] 13955  - [39m12/24/2025, 10:57:13 AM [32m    LOG[39m [38;5;3m[RouterExplorer] [39m[32mMapped {/notifications/read-all, PATCH} route[39m[38;5;3m +0ms[39m
[32m[Nest] 13955  - [39m12/24/2025, 10:57:13 AM [32m    LOG[39m [38;5;3m[RoutesResolver] [39m[32mAuthController {/auth}:[39m[38;5;3m +1ms[39m
[32m[Nest] 13955  - [39m12/24/2025, 10:57:13 AM [32m    LOG[39m [38;5;3m[RouterExplorer] [39m[32mMapped {/auth/register, POST} route[39m[38;5;3m +0ms[39m
[32m[Nest] 13955  - [39m12/24/2025, 10:57:13 AM [32m    LOG[39m [38;5;3m[RouterExplorer] [39m[32mMapped {/auth/login, POST} route[39m[38;5;3m +0ms[39m
[32m[Nest] 13955  - [39m12/24/2025, 10:57:13 AM [32m    LOG[39m [38;5;3m[RouterExplorer] [39m[32mMapped {/auth/logout, POST} route[39m[38;5;3m +1ms[39m
[32m[Nest] 13955  - [39m12/24/2025, 10:57:13 AM [32m    LOG[39m [38;5;3m[RouterExplorer] [39m[32mMapped {/auth/forgot-password, POST} route[39m[38;5;3m +0ms[39m
[32m[Nest] 13955  - [39m12/24/2025, 10:57:13 AM [32m    LOG[39m [38;5;3m[RouterExplorer] [39m[32mMapped {/auth/verify-otp, POST} route[39m[38;5;3m +0ms[39m
[32m[Nest] 13955  - [39m12/24/2025, 10:57:13 AM [32m    LOG[39m [38;5;3m[RouterExplorer] [39m[32mMapped {/auth/reset-password, POST} route[39m[38;5;3m +0ms[39m
[32m[Nest] 13955  - [39m12/24/2025, 10:57:13 AM [32m    LOG[39m [38;5;3m[RouterExplorer] [39m[32mMapped {/auth/profile, GET} route[39m[38;5;3m +1ms[39m
[32m[Nest] 13955  - [39m12/24/2025, 10:57:13 AM [32m    LOG[39m [38;5;3m[RoutesResolver] [39m[32mTwoFactorAuthenticationController {/auth/2fa}:[39m[38;5;3m +0ms[39m
[32m[Nest] 13955  - [39m12/24/2025, 10:57:13 AM [32m    LOG[39m [38;5;3m[RouterExplorer] [39m[32mMapped {/auth/2fa/generate, POST} route[39m[38;5;3m +0ms[39m
[32m[Nest] 13955  - [39m12/24/2025, 10:57:13 AM [32m    LOG[39m [38;5;3m[RouterExplorer] [39m[32mMapped {/auth/2fa/turn-on, POST} route[39m[38;5;3m +0ms[39m
[32m[Nest] 13955  - [39m12/24/2025, 10:57:13 AM [32m    LOG[39m [38;5;3m[RouterExplorer] [39m[32mMapped {/auth/2fa/turn-off, POST} route[39m[38;5;3m +0ms[39m
[32m[Nest] 13955  - [39m12/24/2025, 10:57:13 AM [32m    LOG[39m [38;5;3m[RoutesResolver] [39m[32mUsersController {/users}:[39m[38;5;3m +0ms[39m
[32m[Nest] 13955  - [39m12/24/2025, 10:57:13 AM [32m    LOG[39m [38;5;3m[RouterExplorer] [39m[32mMapped {/users, GET} route[39m[38;5;3m +1ms[39m
[32m[Nest] 13955  - [39m12/24/2025, 10:57:13 AM [32m    LOG[39m [38;5;3m[RouterExplorer] [39m[32mMapped {/users/:id, GET} route[39m[38;5;3m +0ms[39m
[32m[Nest] 13955  - [39m12/24/2025, 10:57:13 AM [32m    LOG[39m [38;5;3m[RouterExplorer] [39m[32mMapped {/users/:id, PATCH} route[39m[38;5;3m +0ms[39m
[32m[Nest] 13955  - [39m12/24/2025, 10:57:13 AM [32m    LOG[39m [38;5;3m[RouterExplorer] [39m[32mMapped {/users/:id/delete, POST} route[39m[38;5;3m +0ms[39m
[32m[Nest] 13955  - [39m12/24/2025, 10:57:13 AM [32m    LOG[39m [38;5;3m[RouterExplorer] [39m[32mMapped {/users/:id/avatar, POST} route[39m[38;5;3m +1ms[39m
[32m[Nest] 13955  - [39m12/24/2025, 10:57:13 AM [32m    LOG[39m [38;5;3m[RouterExplorer] [39m[32mMapped {/users/:id, DELETE} route[39m[38;5;3m +0ms[39m
[32m[Nest] 13955  - [39m12/24/2025, 10:57:13 AM [32m    LOG[39m [38;5;3m[RoutesResolver] [39m[32mFilesController {/upload}:[39m[38;5;3m +0ms[39m
[32m[Nest] 13955  - [39m12/24/2025, 10:57:13 AM [32m    LOG[39m [38;5;3m[RouterExplorer] [39m[32mMapped {/upload/image, POST} route[39m[38;5;3m +0ms[39m
[32m[Nest] 13955  - [39m12/24/2025, 10:57:13 AM [32m    LOG[39m [38;5;3m[RoutesResolver] [39m[32mUserActivityController {/user-activity}:[39m[38;5;3m +0ms[39m
[32m[Nest] 13955  - [39m12/24/2025, 10:57:13 AM [32m    LOG[39m [38;5;3m[RouterExplorer] [39m[32mMapped {/user-activity/me, GET} route[39m[38;5;3m +0ms[39m
[32m[Nest] 13955  - [39m12/24/2025, 10:57:13 AM [32m    LOG[39m [38;5;3m[RouterExplorer] [39m[32mMapped {/user-activity/user/:userId, GET} route[39m[38;5;3m +0ms[39m
[32m[Nest] 13955  - [39m12/24/2025, 10:57:13 AM [32m    LOG[39m [38;5;3m[RoutesResolver] [39m[32mCategoriesController {/categories}:[39m[38;5;3m +1ms[39m
[32m[Nest] 13955  - [39m12/24/2025, 10:57:13 AM [32m    LOG[39m [38;5;3m[RouterExplorer] [39m[32mMapped {/categories, GET} route[39m[38;5;3m +0ms[39m
[32m[Nest] 13955  - [39m12/24/2025, 10:57:13 AM [32m    LOG[39m [38;5;3m[RouterExplorer] [39m[32mMapped {/categories, POST} route[39m[38;5;3m +0ms[39m
[32m[Nest] 13955  - [39m12/24/2025, 10:57:13 AM [32m    LOG[39m [38;5;3m[RouterExplorer] [39m[32mMapped {/categories/:id, PATCH} route[39m[38;5;3m +0ms[39m
[32m[Nest] 13955  - [39m12/24/2025, 10:57:13 AM [32m    LOG[39m [38;5;3m[RouterExplorer] [39m[32mMapped {/categories/:id, DELETE} route[39m[38;5;3m +0ms[39m
[32m[Nest] 13955  - [39m12/24/2025, 10:57:13 AM [32m    LOG[39m [38;5;3m[RoutesResolver] [39m[32mProductsController {/products}:[39m[38;5;3m +0ms[39m
[32m[Nest] 13955  - [39m12/24/2025, 10:57:13 AM [32m    LOG[39m [38;5;3m[RouterExplorer] [39m[32mMapped {/products, GET} route[39m[38;5;3m +1ms[39m
[32m[Nest] 13955  - [39m12/24/2025, 10:57:13 AM [32m    LOG[39m [38;5;3m[RouterExplorer] [39m[32mMapped {/products/featured, GET} route[39m[38;5;3m +0ms[39m
[32m[Nest] 13955  - [39m12/24/2025, 10:57:13 AM [32m    LOG[39m [38;5;3m[RouterExplorer] [39m[32mMapped {/products/:id, GET} route[39m[38;5;3m +0ms[39m
[32m[Nest] 13955  - [39m12/24/2025, 10:57:13 AM [32m    LOG[39m [38;5;3m[RouterExplorer] [39m[32mMapped {/products/:id/related, GET} route[39m[38;5;3m +0ms[39m
[32m[Nest] 13955  - [39m12/24/2025, 10:57:13 AM [32m    LOG[39m [38;5;3m[RouterExplorer] [39m[32mMapped {/products, POST} route[39m[38;5;3m +0ms[39m
[32m[Nest] 13955  - [39m12/24/2025, 10:57:13 AM [32m    LOG[39m [38;5;3m[RouterExplorer] [39m[32mMapped {/products/:id, PATCH} route[39m[38;5;3m +0ms[39m
[32m[Nest] 13955  - [39m12/24/2025, 10:57:13 AM [32m    LOG[39m [38;5;3m[RouterExplorer] [39m[32mMapped {/products/:id, DELETE} route[39m[38;5;3m +1ms[39m
[32m[Nest] 13955  - [39m12/24/2025, 10:57:13 AM [32m    LOG[39m [38;5;3m[RoutesResolver] [39m[32mUploadController {/upload}:[39m[38;5;3m +0ms[39m
[32m[Nest] 13955  - [39m12/24/2025, 10:57:13 AM [32m    LOG[39m [38;5;3m[RouterExplorer] [39m[32mMapped {/upload/product-image, POST} route[39m[38;5;3m +0ms[39m
[32m[Nest] 13955  - [39m12/24/2025, 10:57:13 AM [32m    LOG[39m [38;5;3m[RouterExplorer] [39m[32mMapped {/upload/product-images, POST} route[39m[38;5;3m +0ms[39m
[32m[Nest] 13955  - [39m12/24/2025, 10:57:13 AM [32m    LOG[39m [38;5;3m[RouterExplorer] [39m[32mMapped {/upload/product-images, DELETE} route[39m[38;5;3m +0ms[39m
[32m[Nest] 13955  - [39m12/24/2025, 10:57:13 AM [32m    LOG[39m [38;5;3m[RoutesResolver] [39m[32mCartController {/cart}:[39m[38;5;3m +0ms[39m
[32m[Nest] 13955  - [39m12/24/2025, 10:57:13 AM [32m    LOG[39m [38;5;3m[RouterExplorer] [39m[32mMapped {/cart, GET} route[39m[38;5;3m +1ms[39m
[32m[Nest] 13955  - [39m12/24/2025, 10:57:13 AM [32m    LOG[39m [38;5;3m[RouterExplorer] [39m[32mMapped {/cart/add, POST} route[39m[38;5;3m +0ms[39m
[32m[Nest] 13955  - [39m12/24/2025, 10:57:13 AM [32m    LOG[39m [38;5;3m[RouterExplorer] [39m[32mMapped {/cart/update/:id, PATCH} route[39m[38;5;3m +0ms[39m
[32m[Nest] 13955  - [39m12/24/2025, 10:57:13 AM [32m    LOG[39m [38;5;3m[RouterExplorer] [39m[32mMapped {/cart/remove/:id, DELETE} route[39m[38;5;3m +0ms[39m
[32m[Nest] 13955  - [39m12/24/2025, 10:57:13 AM [32m    LOG[39m [38;5;3m[RouterExplorer] [39m[32mMapped {/cart/clear, DELETE} route[39m[38;5;3m +0ms[39m
[32m[Nest] 13955  - [39m12/24/2025, 10:57:13 AM [32m    LOG[39m [38;5;3m[RouterExplorer] [39m[32mMapped {/cart/admin/:userId, GET} route[39m[38;5;3m +0ms[39m
[32m[Nest] 13955  - [39m12/24/2025, 10:57:13 AM [32m    LOG[39m [38;5;3m[RouterExplorer] [39m[32mMapped {/cart/admin/:userId, DELETE} route[39m[38;5;3m +1ms[39m
[32m[Nest] 13955  - [39m12/24/2025, 10:57:13 AM [32m    LOG[39m [38;5;3m[RoutesResolver] [39m[32mOrdersController {/orders}:[39m[38;5;3m +0ms[39m
[32m[Nest] 13955  - [39m12/24/2025, 10:57:13 AM [32m    LOG[39m [38;5;3m[RouterExplorer] [39m[32mMapped {/orders, POST} route[39m[38;5;3m +0ms[39m
[32m[Nest] 13955  - [39m12/24/2025, 10:57:13 AM [32m    LOG[39m [38;5;3m[RouterExplorer] [39m[32mMapped {/orders/my, GET} route[39m[38;5;3m +0ms[39m
[32m[Nest] 13955  - [39m12/24/2025, 10:57:13 AM [32m    LOG[39m [38;5;3m[RouterExplorer] [39m[32mMapped {/orders, GET} route[39m[38;5;3m +0ms[39m
[32m[Nest] 13955  - [39m12/24/2025, 10:57:13 AM [32m    LOG[39m [38;5;3m[RouterExplorer] [39m[32mMapped {/orders/seller, GET} route[39m[38;5;3m +0ms[39m
[32m[Nest] 13955  - [39m12/24/2025, 10:57:13 AM [32m    LOG[39m [38;5;3m[RouterExplorer] [39m[32mMapped {/orders/product/:productId, GET} route[39m[38;5;3m +0ms[39m
[32m[Nest] 13955  - [39m12/24/2025, 10:57:13 AM [32m    LOG[39m [38;5;3m[RouterExplorer] [39m[32mMapped {/orders/:id/accept, PATCH} route[39m[38;5;3m +1ms[39m
[32m[Nest] 13955  - [39m12/24/2025, 10:57:13 AM [32m    LOG[39m [38;5;3m[RouterExplorer] [39m[32mMapped {/orders/:id/cancel, PATCH} route[39m[38;5;3m +0ms[39m
[32m[Nest] 13955  - [39m12/24/2025, 10:57:13 AM [32m    LOG[39m [38;5;3m[RouterExplorer] [39m[32mMapped {/orders/:id/status, PATCH} route[39m[38;5;3m +0ms[39m
[32m[Nest] 13955  - [39m12/24/2025, 10:57:13 AM [32m    LOG[39m [38;5;3m[RouterExplorer] [39m[32mMapped {/orders/:id, GET} route[39m[38;5;3m +0ms[39m
[32m[Nest] 13955  - [39m12/24/2025, 10:57:13 AM [32m    LOG[39m [38;5;3m[RoutesResolver] [39m[32mCouponsController {/coupons}:[39m[38;5;3m +0ms[39m
[32m[Nest] 13955  - [39m12/24/2025, 10:57:13 AM [32m    LOG[39m [38;5;3m[RouterExplorer] [39m[32mMapped {/coupons, POST} route[39m[38;5;3m +0ms[39m
[32m[Nest] 13955  - [39m12/24/2025, 10:57:13 AM [32m    LOG[39m [38;5;3m[RouterExplorer] [39m[32mMapped {/coupons, GET} route[39m[38;5;3m +0ms[39m
[32m[Nest] 13955  - [39m12/24/2025, 10:57:13 AM [32m    LOG[39m [38;5;3m[RouterExplorer] [39m[32mMapped {/coupons/active, GET} route[39m[38;5;3m +1ms[39m
[32m[Nest] 13955  - [39m12/24/2025, 10:57:13 AM [32m    LOG[39m [38;5;3m[RouterExplorer] [39m[32mMapped {/coupons/my-coupons, GET} route[39m[38;5;3m +0ms[39m
[32m[Nest] 13955  - [39m12/24/2025, 10:57:13 AM [32m    LOG[39m [38;5;3m[RouterExplorer] [39m[32mMapped {/coupons/:id, GET} route[39m[38;5;3m +0ms[39m
[32m[Nest] 13955  - [39m12/24/2025, 10:57:13 AM [32m    LOG[39m [38;5;3m[RouterExplorer] [39m[32mMapped {/coupons/code/:code, GET} route[39m[38;5;3m +0ms[39m
[32m[Nest] 13955  - [39m12/24/2025, 10:57:13 AM [32m    LOG[39m [38;5;3m[RouterExplorer] [39m[32mMapped {/coupons/:id/stats, GET} route[39m[38;5;3m +0ms[39m
[32m[Nest] 13955  - [39m12/24/2025, 10:57:13 AM [32m    LOG[39m [38;5;3m[RouterExplorer] [39m[32mMapped {/coupons/validate, POST} route[39m[38;5;3m +0ms[39m
[32m[Nest] 13955  - [39m12/24/2025, 10:57:13 AM [32m    LOG[39m [38;5;3m[RouterExplorer] [39m[32mMapped {/coupons/:id, PATCH} route[39m[38;5;3m +1ms[39m
[32m[Nest] 13955  - [39m12/24/2025, 10:57:13 AM [32m    LOG[39m [38;5;3m[RouterExplorer] [39m[32mMapped {/coupons/:id, DELETE} route[39m[38;5;3m +0ms[39m
[32m[Nest] 13955  - [39m12/24/2025, 10:57:13 AM [32m    LOG[39m [38;5;3m[RoutesResolver] [39m[32mPaymentsController {/payments}:[39m[38;5;3m +0ms[39m
[32m[Nest] 13955  - [39m12/24/2025, 10:57:13 AM [32m    LOG[39m [38;5;3m[RouterExplorer] [39m[32mMapped {/payments/initiate, POST} route[39m[38;5;3m +0ms[39m
[32m[Nest] 13955  - [39m12/24/2025, 10:57:13 AM [32m    LOG[39m [38;5;3m[RouterExplorer] [39m[32mMapped {/payments/verify, POST} route[39m[38;5;3m +0ms[39m
[32m[Nest] 13955  - [39m12/24/2025, 10:57:13 AM [32m    LOG[39m [38;5;3m[RouterExplorer] [39m[32mMapped {/payments/order/:id, GET} route[39m[38;5;3m +0ms[39m
[32m[Nest] 13955  - [39m12/24/2025, 10:57:13 AM [32m    LOG[39m [38;5;3m[RoutesResolver] [39m[32mAddressController {/address}:[39m[38;5;3m +0ms[39m
[32m[Nest] 13955  - [39m12/24/2025, 10:57:13 AM [32m    LOG[39m [38;5;3m[RouterExplorer] [39m[32mMapped {/address/my, GET} route[39m[38;5;3m +0ms[39m
[32m[Nest] 13955  - [39m12/24/2025, 10:57:13 AM [32m    LOG[39m [38;5;3m[RouterExplorer] [39m[32mMapped {/address, POST} route[39m[38;5;3m +1ms[39m
[32m[Nest] 13955  - [39m12/24/2025, 10:57:13 AM [32m    LOG[39m [38;5;3m[RouterExplorer] [39m[32mMapped {/address/:id, PATCH} route[39m[38;5;3m +0ms[39m
[32m[Nest] 13955  - [39m12/24/2025, 10:57:13 AM [32m    LOG[39m [38;5;3m[RouterExplorer] [39m[32mMapped {/address/:id, DELETE} route[39m[38;5;3m +0ms[39m
[32m[Nest] 13955  - [39m12/24/2025, 10:57:13 AM [32m    LOG[39m [38;5;3m[RoutesResolver] [39m[32mReviewsController {/reviews}:[39m[38;5;3m +0ms[39m
[32m[Nest] 13955  - [39m12/24/2025, 10:57:13 AM [32m    LOG[39m [38;5;3m[RouterExplorer] [39m[32mMapped {/reviews, POST} route[39m[38;5;3m +0ms[39m
[32m[Nest] 13955  - [39m12/24/2025, 10:57:13 AM [32m    LOG[39m [38;5;3m[RouterExplorer] [39m[32mMapped {/reviews/product/:id, GET} route[39m[38;5;3m +0ms[39m
[32m[Nest] 13955  - [39m12/24/2025, 10:57:13 AM [32m    LOG[39m [38;5;3m[RouterExplorer] [39m[32mMapped {/reviews/:id, DELETE} route[39m[38;5;3m +0ms[39m
[32m[Nest] 13955  - [39m12/24/2025, 10:57:13 AM [32m    LOG[39m [38;5;3m[RoutesResolver] [39m[32mAdminController {/admin}:[39m[38;5;3m +0ms[39m
[32m[Nest] 13955  - [39m12/24/2025, 10:57:13 AM [32m    LOG[39m [38;5;3m[RouterExplorer] [39m[32mMapped {/admin/dashboard, GET} route[39m[38;5;3m +1ms[39m
[32m[Nest] 13955  - [39m12/24/2025, 10:57:13 AM [32m    LOG[39m [38;5;3m[RoutesResolver] [39m[32mAnalyticsController {/analytics}:[39m[38;5;3m +0ms[39m
[32m[Nest] 13955  - [39m12/24/2025, 10:57:13 AM [32m    LOG[39m [38;5;3m[RouterExplorer] [39m[32mMapped {/analytics/dashboard, GET} route[39m[38;5;3m +0ms[39m
[32m[Nest] 13955  - [39m12/24/2025, 10:57:13 AM [32m    LOG[39m [38;5;3m[RouterExplorer] [39m[32mMapped {/analytics/sales-report, GET} route[39m[38;5;3m +0ms[39m
[32m[Nest] 13955  - [39m12/24/2025, 10:57:13 AM [32m    LOG[39m [38;5;3m[RouterExplorer] [39m[32mMapped {/analytics/customer-insights, GET} route[39m[38;5;3m +0ms[39m
[32m[Nest] 13955  - [39m12/24/2025, 10:57:13 AM [32m    LOG[39m [38;5;3m[RouterExplorer] [39m[32mMapped {/analytics/product/:id, GET} route[39m[38;5;3m +0ms[39m
[32m[Nest] 13955  - [39m12/24/2025, 10:57:13 AM [32m    LOG[39m [38;5;3m[RoutesResolver] [39m[32mWishlistController {/wishlist}:[39m[38;5;3m +0ms[39m
[32m[Nest] 13955  - [39m12/24/2025, 10:57:13 AM [32m    LOG[39m [38;5;3m[RouterExplorer] [39m[32mMapped {/wishlist, GET} route[39m[38;5;3m +1ms[39m
[32m[Nest] 13955  - [39m12/24/2025, 10:57:13 AM [32m    LOG[39m [38;5;3m[RouterExplorer] [39m[32mMapped {/wishlist, POST} route[39m[38;5;3m +0ms[39m
[32m[Nest] 13955  - [39m12/24/2025, 10:57:13 AM [32m    LOG[39m [38;5;3m[RouterExplorer] [39m[32mMapped {/wishlist/share/:token, GET} route[39m[38;5;3m +0ms[39m
[32m[Nest] 13955  - [39m12/24/2025, 10:57:13 AM [32m    LOG[39m [38;5;3m[RouterExplorer] [39m[32mMapped {/wishlist/shared/toggle-bought, POST} route[39m[38;5;3m +0ms[39m
[32m[Nest] 13955  - [39m12/24/2025, 10:57:13 AM [32m    LOG[39m [38;5;3m[RouterExplorer] [39m[32mMapped {/wishlist/:id, GET} route[39m[38;5;3m +0ms[39m
[32m[Nest] 13955  - [39m12/24/2025, 10:57:13 AM [32m    LOG[39m [38;5;3m[RouterExplorer] [39m[32mMapped {/wishlist/:id/privacy, PATCH} route[39m[38;5;3m +0ms[39m
[32m[Nest] 13955  - [39m12/24/2025, 10:57:13 AM [32m    LOG[39m [38;5;3m[RouterExplorer] [39m[32mMapped {/wishlist/add/:productId, POST} route[39m[38;5;3m +1ms[39m
[32m[Nest] 13955  - [39m12/24/2025, 10:57:13 AM [32m    LOG[39m [38;5;3m[RouterExplorer] [39m[32mMapped {/wishlist/remove/:productId, DELETE} route[39m[38;5;3m +0ms[39m
[32m[Nest] 13955  - [39m12/24/2025, 10:57:13 AM [32m    LOG[39m [38;5;3m[RouterExplorer] [39m[32mMapped {/wishlist/:id, DELETE} route[39m[38;5;3m +0ms[39m
[32m[Nest] 13955  - [39m12/24/2025, 10:57:13 AM [32m    LOG[39m [38;5;3m[RouterExplorer] [39m[32mMapped {/wishlist/:id, PATCH} route[39m[38;5;3m +0ms[39m
[32m[Nest] 13955  - [39m12/24/2025, 10:57:13 AM [32m    LOG[39m [38;5;3m[RoutesResolver] [39m[32mRecommendationsController {/recommendations}:[39m[38;5;3m +0ms[39m
[32m[Nest] 13955  - [39m12/24/2025, 10:57:13 AM [32m    LOG[39m [38;5;3m[RouterExplorer] [39m[32mMapped {/recommendations/products/:id, GET} route[39m[38;5;3m +0ms[39m
[32m[Nest] 13955  - [39m12/24/2025, 10:57:13 AM [32m    LOG[39m [38;5;3m[RoutesResolver] [39m[32mChatbotController {/chatbot}:[39m[38;5;3m +0ms[39m
[32m[Nest] 13955  - [39m12/24/2025, 10:57:13 AM [32m    LOG[39m [38;5;3m[RouterExplorer] [39m[32mMapped {/chatbot/message, POST} route[39m[38;5;3m +0ms[39m
[32m[Nest] 13955  - [39m12/24/2025, 10:57:13 AM [32m    LOG[39m [38;5;3m[RoutesResolver] [39m[32mQuestionsController {/questions}:[39m[38;5;3m +0ms[39m
[32m[Nest] 13955  - [39m12/24/2025, 10:57:13 AM [32m    LOG[39m [38;5;3m[RouterExplorer] [39m[32mMapped {/questions, POST} route[39m[38;5;3m +1ms[39m
[32m[Nest] 13955  - [39m12/24/2025, 10:57:13 AM [32m    LOG[39m [38;5;3m[RouterExplorer] [39m[32mMapped {/questions/product/:productId, GET} route[39m[38;5;3m +0ms[39m
[32m[Nest] 13955  - [39m12/24/2025, 10:57:13 AM [32m    LOG[39m [38;5;3m[RouterExplorer] [39m[32mMapped {/questions/:id/answer, POST} route[39m[38;5;3m +0ms[39m
[32m[Nest] 13955  - [39m12/24/2025, 10:57:13 AM [32m    LOG[39m [38;5;3m[RouterExplorer] [39m[32mMapped {/questions/:id/upvote, PATCH} route[39m[38;5;3m +0ms[39m
[32m[Nest] 13955  - [39m12/24/2025, 10:57:13 AM [32m    LOG[39m [38;5;3m[RoutesResolver] [39m[32mGamificationController {/gamification}:[39m[38;5;3m +0ms[39m
[32m[Nest] 13955  - [39m12/24/2025, 10:57:13 AM [32m    LOG[39m [38;5;3m[RouterExplorer] [39m[32mMapped {/gamification/profile, GET} route[39m[38;5;3m +0ms[39m
[32m[Nest] 13955  - [39m12/24/2025, 10:57:13 AM [32m    LOG[39m [38;5;3m[RouterExplorer] [39m[32mMapped {/gamification/check-in, POST} route[39m[38;5;3m +0ms[39m
[32m[Nest] 13955  - [39m12/24/2025, 10:57:13 AM [32m    LOG[39m [38;5;3m[RouterExplorer] [39m[32mMapped {/gamification/spin, POST} route[39m[38;5;3m +1ms[39m
[32m[Nest] 13955  - [39m12/24/2025, 10:57:13 AM [32m    LOG[39m [38;5;3m[RouterExplorer] [39m[32mMapped {/gamification/scratch, POST} route[39m[38;5;3m +0ms[39m
[32m[Nest] 13955  - [39m12/24/2025, 10:57:13 AM [32m    LOG[39m [38;5;3m[RouterExplorer] [39m[32mMapped {/gamification/leaderboard, GET} route[39m[38;5;3m +0ms[39m
[32m[Nest] 13955  - [39m12/24/2025, 10:57:13 AM [32m    LOG[39m [38;5;3m[RouterExplorer] [39m[32mMapped {/gamification/activities, GET} route[39m[38;5;3m +0ms[39m
[32m[Nest] 13955  - [39m12/24/2025, 10:57:13 AM [32m    LOG[39m [38;5;3m[SocialProofService] [39m[32mSocial Proof Service initialized with Redis[39m
[32m[Nest] 13955  - [39m12/24/2025, 10:57:13 AM [32m    LOG[39m [38;5;3m[NestApplication] [39m[32mNest application successfully started[39m[38;5;3m +19ms[39m
🚀 Application is running on: http://localhost:3000
📁 Static files served from: /uploads/
[95m[Nest] 13955  - [39m12/24/2025, 10:57:52 AM [95m  DEBUG[39m [38;5;3m[SocialProofGateway] [39m[95mClient connected: lRB4Cvey4rouP5bsAAAB[39m
[95m[Nest] 13955  - [39m12/24/2025, 10:57:52 AM [95m  DEBUG[39m [38;5;3m[TransFormInterceptor] [39m[95m[GET] /products?limit=4&sortBy=rating&sortOrder=desc completed in 42ms[39m
[32m[Nest] 13955  - [39m12/24/2025, 10:57:52 AM [32m    LOG[39m [38;5;3m[CoBrowsingGateway] [39m[32mClient connected: impso8KS6hEa0uqyAAAD[39m
[95m[Nest] 13955  - [39m12/24/2025, 10:57:52 AM [95m  DEBUG[39m [38;5;3m[TransFormInterceptor] [39m[95m[GET] /products?limit=4&sortBy=rating&sortOrder=desc completed in 13ms[39m
[95m[Nest] 13955  - [39m12/24/2025, 10:57:58 AM [95m  DEBUG[39m [38;5;3m[TransFormInterceptor] [39m[95m[GET] /reviews/product/693ba8be9f5693852b6045d3 completed in 8ms[39m
[95m[Nest] 13955  - [39m12/24/2025, 10:57:58 AM [95m  DEBUG[39m [38;5;3m[TransFormInterceptor] [39m[95m[GET] /recommendations/products/693ba8be9f5693852b6045d3?limit=4 completed in 17ms[39m
[95m[Nest] 13955  - [39m12/24/2025, 10:57:58 AM [95m  DEBUG[39m [38;5;3m[TransFormInterceptor] [39m[95m[GET] /products/693ba8be9f5693852b6045d3 completed in 15ms[39m
[95m[Nest] 13955  - [39m12/24/2025, 10:57:58 AM [95m  DEBUG[39m [38;5;3m[TransFormInterceptor] [39m[95m[GET] /products/693ba8be9f5693852b6045d3 completed in 11ms[39m
[95m[Nest] 13955  - [39m12/24/2025, 10:57:58 AM [95m  DEBUG[39m [38;5;3m[TransFormInterceptor] [39m[95m[GET] /questions/product/693ba8be9f5693852b6045d3 completed in 4ms[39m
[95m[Nest] 13955  - [39m12/24/2025, 10:57:58 AM [95m  DEBUG[39m [38;5;3m[TransFormInterceptor] [39m[95m[GET] /reviews/product/693ba8be9f5693852b6045d3 completed in 3ms[39m
[95m[Nest] 13955  - [39m12/24/2025, 10:57:58 AM [95m  DEBUG[39m [38;5;3m[TransFormInterceptor] [39m[95m[GET] /recommendations/products/693ba8be9f5693852b6045d3?limit=4 completed in 2ms[39m
[95m[Nest] 13955  - [39m12/24/2025, 10:57:59 AM [95m  DEBUG[39m [38;5;3m[TransFormInterceptor] [39m[95m[GET] /questions/product/693ba8be9f5693852b6045d3 completed in 4ms[39m
[95m[Nest] 13955  - [39m12/24/2025, 10:57:59 AM [95m  DEBUG[39m [38;5;3m[SocialProofGateway] [39m[95mClient connected: wekVhE8Mz10_y1lPAAAF[39m
[95m[Nest] 13955  - [39m12/24/2025, 10:57:59 AM [95m  DEBUG[39m [38;5;3m[SocialProofGateway] [39m[95mClient wekVhE8Mz10_y1lPAAAF joined 693ba8be9f5693852b6045d3. Count: 1[39m
[95m[Nest] 13955  - [39m12/24/2025, 10:58:01 AM [95m  DEBUG[39m [38;5;3m[SocialProofGateway] [39m[95mClient disconnected: wekVhE8Mz10_y1lPAAAF[39m
[95m[Nest] 13955  - [39m12/24/2025, 10:58:01 AM [95m  DEBUG[39m [38;5;3m[SocialProofGateway] [39m[95mClient wekVhE8Mz10_y1lPAAAF left 693ba8be9f5693852b6045d3. Count: 0[39m
[31m[Nest] 13955  - [39m12/24/2025, 10:58:07 AM [31m  ERROR[39m [38;5;3m[TransFormInterceptor] [39m[31m[POST] /auth/login failed after 66ms[39m
UnauthorizedException: Invalid credentials
    at AuthService.login (/home/inextrix/Documents/VoxMarket/backend/src/modules/auth/auth.service.ts:177:13)
    at process.processTicksAndRejections (node:internal/process/task_queues:95:5)
[31m[Nest] 13955  - [39m12/24/2025, 10:58:07 AM [31m  ERROR[39m [38;5;3m[HttpExceptionFilter] [39m[31m[POST] /auth/login - Status: 401[39m
Invalid credentials
[32m[Nest] 13955  - [39m12/24/2025, 10:58:07 AM [32m    LOG[39m [38;5;3m[CoBrowsingGateway] [39m[32mClient disconnected: impso8KS6hEa0uqyAAAD[39m
[95m[Nest] 13955  - [39m12/24/2025, 10:58:07 AM [95m  DEBUG[39m [38;5;3m[SocialProofGateway] [39m[95mClient disconnected: lRB4Cvey4rouP5bsAAAB[39m
[95m[Nest] 13955  - [39m12/24/2025, 10:58:11 AM [95m  DEBUG[39m [38;5;3m[SocialProofGateway] [39m[95mClient connected: HrNIoJZyfj2d-C02AAAH[39m
[32m[Nest] 13955  - [39m12/24/2025, 10:58:11 AM [32m    LOG[39m [38;5;3m[CoBrowsingGateway] [39m[32mClient connected: Y6aDb7N5kgUEWuEnAAAJ[39m
[95m[Nest] 13955  - [39m12/24/2025, 10:58:22 AM [95m  DEBUG[39m [38;5;3m[SocialProofGateway] [39m[95mClient disconnected: HrNIoJZyfj2d-C02AAAH[39m
[32m[Nest] 13955  - [39m12/24/2025, 10:58:22 AM [32m    LOG[39m [38;5;3m[CoBrowsingGateway] [39m[32mClient disconnected: Y6aDb7N5kgUEWuEnAAAJ[39m
[95m[Nest] 13955  - [39m12/24/2025, 10:58:24 AM [95m  DEBUG[39m [38;5;3m[SocialProofGateway] [39m[95mClient connected: Yw3ZpbDRVFlQLaTaAAAL[39m
[32m[Nest] 13955  - [39m12/24/2025, 10:58:25 AM [32m    LOG[39m [38;5;3m[CoBrowsingGateway] [39m[32mClient connected: tvVhonW3GU0QjSsbAAAN[39m
[95m[Nest] 13955  - [39m12/24/2025, 10:59:11 AM [95m  DEBUG[39m [38;5;3m[SocialProofGateway] [39m[95mClient disconnected: Yw3ZpbDRVFlQLaTaAAAL[39m
[32m[Nest] 13955  - [39m12/24/2025, 10:59:11 AM [32m    LOG[39m [38;5;3m[CoBrowsingGateway] [39m[32mClient disconnected: tvVhonW3GU0QjSsbAAAN[39m
[95m[Nest] 13955  - [39m12/24/2025, 10:59:25 AM [95m  DEBUG[39m [38;5;3m[TransFormInterceptor] [39m[95m[GET] /products?limit=4&sortBy=rating&sortOrder=desc completed in 5ms[39m
[32m[Nest] 13955  - [39m12/24/2025, 10:59:25 AM [32m    LOG[39m [38;5;3m[CoBrowsingGateway] [39m[32mClient connected: ZCW2B64irrTgnCUfAAAQ[39m
[95m[Nest] 13955  - [39m12/24/2025, 10:59:25 AM [95m  DEBUG[39m [38;5;3m[SocialProofGateway] [39m[95mClient connected: -H14uJuqgffPizt-AAAR[39m
[95m[Nest] 13955  - [39m12/24/2025, 10:59:25 AM [95m  DEBUG[39m [38;5;3m[TransFormInterceptor] [39m[95m[GET] /products?limit=4&sortBy=rating&sortOrder=desc completed in 4ms[39m
[95m[Nest] 13955  - [39m12/24/2025, 10:59:46 AM [95m  DEBUG[39m [38;5;3m[TransFormInterceptor] [39m[95m[GET] /recommendations/products/693ba8be9f5693852b6045d3?limit=4 completed in 2ms[39m
[95m[Nest] 13955  - [39m12/24/2025, 10:59:46 AM [95m  DEBUG[39m [38;5;3m[TransFormInterceptor] [39m[95m[GET] /products/693ba8be9f5693852b6045d3 completed in 6ms[39m
[95m[Nest] 13955  - [39m12/24/2025, 10:59:46 AM [95m  DEBUG[39m [38;5;3m[TransFormInterceptor] [39m[95m[GET] /reviews/product/693ba8be9f5693852b6045d3 completed in 3ms[39m
[95m[Nest] 13955  - [39m12/24/2025, 10:59:47 AM [95m  DEBUG[39m [38;5;3m[TransFormInterceptor] [39m[95m[GET] /reviews/product/693ba8be9f5693852b6045d3 completed in 3ms[39m
[95m[Nest] 13955  - [39m12/24/2025, 10:59:47 AM [95m  DEBUG[39m [38;5;3m[TransFormInterceptor] [39m[95m[GET] /products/693ba8be9f5693852b6045d3 completed in 5ms[39m
[95m[Nest] 13955  - [39m12/24/2025, 10:59:47 AM [95m  DEBUG[39m [38;5;3m[TransFormInterceptor] [39m[95m[GET] /questions/product/693ba8be9f5693852b6045d3 completed in 2ms[39m
[95m[Nest] 13955  - [39m12/24/2025, 10:59:47 AM [95m  DEBUG[39m [38;5;3m[TransFormInterceptor] [39m[95m[GET] /recommendations/products/693ba8be9f5693852b6045d3?limit=4 completed in 2ms[39m
[95m[Nest] 13955  - [39m12/24/2025, 10:59:47 AM [95m  DEBUG[39m [38;5;3m[SocialProofGateway] [39m[95mClient connected: oAix4Edl-7i0A42PAAAU[39m
[95m[Nest] 13955  - [39m12/24/2025, 10:59:47 AM [95m  DEBUG[39m [38;5;3m[SocialProofGateway] [39m[95mClient oAix4Edl-7i0A42PAAAU joined 693ba8be9f5693852b6045d3. Count: 1[39m
[95m[Nest] 13955  - [39m12/24/2025, 10:59:48 AM [95m  DEBUG[39m [38;5;3m[TransFormInterceptor] [39m[95m[GET] /questions/product/693ba8be9f5693852b6045d3 completed in 1ms[39m
[95m[Nest] 13955  - [39m12/24/2025, 10:59:50 AM [95m  DEBUG[39m [38;5;3m[SocialProofGateway] [39m[95mClient disconnected: oAix4Edl-7i0A42PAAAU[39m
[95m[Nest] 13955  - [39m12/24/2025, 10:59:50 AM [95m  DEBUG[39m [38;5;3m[SocialProofGateway] [39m[95mClient oAix4Edl-7i0A42PAAAU left 693ba8be9f5693852b6045d3. Count: 0[39m
[95m[Nest] 13955  - [39m12/24/2025, 11:00:01 AM [95m  DEBUG[39m [38;5;3m[MailService] [39m[95mSending OTP to naman@gmail.com[39m
[32m[Nest] 13955  - [39m12/24/2025, 11:00:01 AM [32m    LOG[39m [38;5;3m[MailService] [39m[32m[DEV] OTP for naman@gmail.com: 770013[39m
[32m[Nest] 13955  - [39m12/24/2025, 11:00:04 AM [32m    LOG[39m [38;5;3m[MailService] [39m[32m[Ethereal] Preview URL: https://ethereal.email/message/aUt5sTKY-EBa6BI3aUt6XIGyTc4D-BMJAAAAAWymc6vM4sDf6esZZs8AcpA[39m
[32m[Nest] 13955  - [39m12/24/2025, 11:00:04 AM [32m    LOG[39m [38;5;3m[MailService] [39m[32mOTP sent to naman@gmail.com[39m
[32m[Nest] 13955  - [39m12/24/2025, 11:00:04 AM [32m    LOG[39m [38;5;3m[AuthService] [39m[32mOTP generated and sent for naman@gmail.com[39m
[95m[Nest] 13955  - [39m12/24/2025, 11:00:04 AM [95m  DEBUG[39m [38;5;3m[TransFormInterceptor] [39m[95m[POST] /auth/forgot-password completed in 3401ms[39m
[32m[Nest] 13955  - [39m12/24/2025, 11:00:51 AM [32m    LOG[39m [38;5;3m[CoBrowsingGateway] [39m[32mClient disconnected: ZCW2B64irrTgnCUfAAAQ[39m
[95m[Nest] 13955  - [39m12/24/2025, 11:00:51 AM [95m  DEBUG[39m [38;5;3m[SocialProofGateway] [39m[95mClient disconnected: -H14uJuqgffPizt-AAAR[39m
